-------------------------------------------------------------------------------
Test set: im.kny.DeSerializeQuarkusTest
-------------------------------------------------------------------------------
Tests run: 1, Failures: 1, Errors: 0, Skipped: 0, Time elapsed: 0.264 s <<< FAILURE! - in im.kny.DeSerializeQuarkusTest
im.kny.DeSerializeQuarkusTest.quarkusFail  Time elapsed: 0.26 s  <<< FAILURE!
java.lang.AssertionError: Built-in class kotlin.Any is not found
	at im.kny.DeSerializeQuarkusTest.quarkusFail(DeSerializeQuarkusTest.kt:16)

