<?xml version="1.0" encoding="UTF-8"?>
<testsuite xmlns:xsi="http://www.w3.org/2001/XMLSchema-instance" xsi:noNamespaceSchemaLocation="https://maven.apache.org/surefire/maven-surefire-plugin/xsd/surefire-test-report-3.0.xsd" version="3.0" name="im.kny.DeSerializeQuarkusTest" time="0.264" tests="1" errors="0" skipped="0" failures="1">
  <properties>
[...]
</properties>
  <testcase name="quarkusFail" classname="im.kny.DeSerializeQuarkusTest" time="0.26">
    <failure type="java.lang.AssertionError"><![CDATA[java.lang.AssertionError: Built-in class kotlin.Any is not found
	at im.kny.DeSerializeQuarkusTest.quarkusFail(DeSerializeQuarkusTest.kt:16)
]]></failure>
  </testcase>
</testsuite>